<?xml version="1.0" encoding="UTF-8"?>
<!-- Generated by org.testng.reporters.JUnitReportReporter -->
<testsuite skipped="0" hostname="LAPTOP-LA2MO15T" name="Trial" tests="1" failures="0" timestamp="14 Apr 2018 04:23:00 GMT" time="12.883" errors="0">
  <testcase name="trial" time="12.883" classname="Trial"/>
</testsuite> <!-- Trial -->
